{"/Users/Clementine/Code/swap-tacular/server/application.js":{"path":"/Users/Clementine/Code/swap-tacular/server/application.js","s":{"1":1,"2":1,"3":1,"4":1,"5":1,"6":1,"7":1,"8":1,"9":1,"10":1,"11":1,"12":1,"13":1,"14":1,"15":1,"16":1,"17":1,"18":1,"19":1,"20":1,"21":0,"22":0,"23":0,"24":0,"25":1,"26":1,"27":1,"28":1,"29":1,"30":1,"31":0,"32":1,"33":1,"34":1,"35":0,"36":1,"37":0,"38":1,"39":1,"40":0,"41":0,"42":0,"43":1,"44":1,"45":1,"46":0,"47":0},"b":{"1":[1,0],"2":[1,1],"3":[0,1],"4":[0,0],"5":[0,1]},"f":{"1":1,"2":0,"3":0,"4":0,"5":0,"6":0},"fnMap":{"1":{"name":"(anonymous_1)","line":38,"loc":{"start":{"line":38,"column":10},"end":{"line":38,"column":21}}},"2":{"name":"(anonymous_2)","line":44,"loc":{"start":{"line":44,"column":8},"end":{"line":44,"column":19}}},"3":{"name":"(anonymous_3)","line":56,"loc":{"start":{"line":56,"column":33},"end":{"line":56,"column":52}}},"4":{"name":"(anonymous_4)","line":61,"loc":{"start":{"line":61,"column":42},"end":{"line":61,"column":61}}},"5":{"name":"(anonymous_5)","line":68,"loc":{"start":{"line":68,"column":50},"end":{"line":68,"column":69}}},"6":{"name":"(anonymous_6)","line":81,"loc":{"start":{"line":81,"column":26},"end":{"line":81,"column":37}}}},"statementMap":{"1":{"start":{"line":3,"column":0},"end":{"line":3,"column":33}},"2":{"start":{"line":4,"column":0},"end":{"line":4,"column":27}},"3":{"start":{"line":5,"column":0},"end":{"line":5,"column":31}},"4":{"start":{"line":6,"column":0},"end":{"line":6,"column":40}},"5":{"start":{"line":7,"column":0},"end":{"line":7,"column":48}},"6":{"start":{"line":8,"column":0},"end":{"line":8,"column":41}},"7":{"start":{"line":9,"column":0},"end":{"line":9,"column":39}},"8":{"start":{"line":10,"column":0},"end":{"line":10,"column":33}},"9":{"start":{"line":12,"column":0},"end":{"line":12,"column":20}},"10":{"start":{"line":13,"column":0},"end":{"line":13,"column":33}},"11":{"start":{"line":15,"column":0},"end":{"line":15,"column":61}},"12":{"start":{"line":16,"column":0},"end":{"line":16,"column":39}},"13":{"start":{"line":17,"column":0},"end":{"line":17,"column":43}},"14":{"start":{"line":19,"column":0},"end":{"line":25,"column":1}},"15":{"start":{"line":20,"column":2},"end":{"line":20,"column":56}},"16":{"start":{"line":21,"column":2},"end":{"line":21,"column":77}},"17":{"start":{"line":22,"column":2},"end":{"line":22,"column":25}},"18":{"start":{"line":23,"column":2},"end":{"line":23,"column":41}},"19":{"start":{"line":24,"column":2},"end":{"line":24,"column":58}},"20":{"start":{"line":26,"column":0},"end":{"line":31,"column":1}},"21":{"start":{"line":27,"column":2},"end":{"line":27,"column":29}},"22":{"start":{"line":28,"column":2},"end":{"line":28,"column":60}},"23":{"start":{"line":29,"column":2},"end":{"line":29,"column":41}},"24":{"start":{"line":30,"column":2},"end":{"line":30,"column":25}},"25":{"start":{"line":32,"column":0},"end":{"line":32,"column":27}},"26":{"start":{"line":33,"column":0},"end":{"line":33,"column":26}},"27":{"start":{"line":36,"column":0},"end":{"line":36,"column":16}},"28":{"start":{"line":37,"column":0},"end":{"line":42,"column":3}},"29":{"start":{"line":39,"column":4},"end":{"line":39,"column":31}},"30":{"start":{"line":43,"column":0},"end":{"line":48,"column":3}},"31":{"start":{"line":45,"column":4},"end":{"line":45,"column":32}},"32":{"start":{"line":50,"column":0},"end":{"line":52,"column":3}},"33":{"start":{"line":54,"column":0},"end":{"line":54,"column":27}},"34":{"start":{"line":56,"column":0},"end":{"line":59,"column":3}},"35":{"start":{"line":58,"column":2},"end":{"line":58,"column":36}},"36":{"start":{"line":61,"column":0},"end":{"line":64,"column":3}},"37":{"start":{"line":63,"column":2},"end":{"line":63,"column":39}},"38":{"start":{"line":67,"column":0},"end":{"line":67,"column":25}},"39":{"start":{"line":68,"column":0},"end":{"line":71,"column":3}},"40":{"start":{"line":69,"column":2},"end":{"line":69,"column":69}},"41":{"start":{"line":69,"column":23},"end":{"line":69,"column":67}},"42":{"start":{"line":70,"column":2},"end":{"line":70,"column":29}},"43":{"start":{"line":74,"column":0},"end":{"line":74,"column":21}},"44":{"start":{"line":77,"column":0},"end":{"line":77,"column":21}},"45":{"start":{"line":80,"column":0},"end":{"line":84,"column":1}},"46":{"start":{"line":81,"column":2},"end":{"line":83,"column":5}},"47":{"start":{"line":82,"column":4},"end":{"line":82,"column":102}}},"branchMap":{"1":{"line":19,"type":"if","locations":[{"start":{"line":19,"column":0},"end":{"line":19,"column":0}},{"start":{"line":19,"column":0},"end":{"line":19,"column":0}}]},"2":{"line":21,"type":"binary-expr","locations":[{"start":{"line":21,"column":36},"end":{"line":21,"column":63}},{"start":{"line":21,"column":67},"end":{"line":21,"column":72}}]},"3":{"line":26,"type":"if","locations":[{"start":{"line":26,"column":0},"end":{"line":26,"column":0}},{"start":{"line":26,"column":0},"end":{"line":26,"column":0}}]},"4":{"line":69,"type":"if","locations":[{"start":{"line":69,"column":2},"end":{"line":69,"column":2}},{"start":{"line":69,"column":2},"end":{"line":69,"column":2}}]},"5":{"line":80,"type":"if","locations":[{"start":{"line":80,"column":0},"end":{"line":80,"column":0}},{"start":{"line":80,"column":0},"end":{"line":80,"column":0}}]}}},"/Users/Clementine/Code/swap-tacular/server/config/index.js":{"path":"/Users/Clementine/Code/swap-tacular/server/config/index.js","s":{"1":1,"2":1,"3":1,"4":1},"b":{},"f":{},"fnMap":{},"statementMap":{"1":{"start":{"line":3,"column":0},"end":{"line":3,"column":26}},"2":{"start":{"line":4,"column":0},"end":{"line":4,"column":33}},"3":{"start":{"line":5,"column":0},"end":{"line":5,"column":45}},"4":{"start":{"line":7,"column":0},"end":{"line":7,"column":47}}},"branchMap":{}},"/Users/Clementine/Code/swap-tacular/server/config/env/base.js":{"path":"/Users/Clementine/Code/swap-tacular/server/config/env/base.js","s":{"1":1,"2":1},"b":{"1":[1,1],"2":[1,1]},"f":{},"fnMap":{},"statementMap":{"1":{"start":{"line":3,"column":0},"end":{"line":3,"column":27}},"2":{"start":{"line":5,"column":0},"end":{"line":9,"column":2}}},"branchMap":{"1":{"line":6,"type":"binary-expr","locations":[{"start":{"line":6,"column":8},"end":{"line":6,"column":24}},{"start":{"line":6,"column":28},"end":{"line":6,"column":32}}]},"2":{"line":7,"type":"binary-expr","locations":[{"start":{"line":7,"column":7},"end":{"line":7,"column":27}},{"start":{"line":7,"column":31},"end":{"line":7,"column":44}}]}}},"/Users/Clementine/Code/swap-tacular/server/config/env/development.js":{"path":"/Users/Clementine/Code/swap-tacular/server/config/env/development.js","s":{"1":1,"2":1},"b":{},"f":{},"fnMap":{},"statementMap":{"1":{"start":{"line":3,"column":0},"end":{"line":3,"column":27}},"2":{"start":{"line":6,"column":0},"end":{"line":8,"column":2}}},"branchMap":{}},"/Users/Clementine/Code/swap-tacular/server/config/knexfile.js":{"path":"/Users/Clementine/Code/swap-tacular/server/config/knexfile.js","s":{"1":1,"2":1},"b":{"1":[1,1],"2":[1,1],"3":[1,1],"4":[1,1],"5":[1,1]},"f":{},"fnMap":{},"statementMap":{"1":{"start":{"line":3,"column":0},"end":{"line":8,"column":2}},"2":{"start":{"line":10,"column":0},"end":{"line":43,"column":2}}},"branchMap":{"1":{"line":3,"type":"binary-expr","locations":[{"start":{"line":3,"column":17},"end":{"line":3,"column":41}},{"start":{"line":3,"column":45},"end":{"line":8,"column":1}}]},"2":{"line":4,"type":"binary-expr","locations":[{"start":{"line":4,"column":13},"end":{"line":4,"column":38}},{"start":{"line":4,"column":46},"end":{"line":4,"column":57}}]},"3":{"line":5,"type":"binary-expr","locations":[{"start":{"line":5,"column":13},"end":{"line":5,"column":38}},{"start":{"line":5,"column":46},"end":{"line":5,"column":48}}]},"4":{"line":6,"type":"binary-expr","locations":[{"start":{"line":6,"column":13},"end":{"line":6,"column":42}},{"start":{"line":6,"column":46},"end":{"line":6,"column":48}}]},"5":{"line":7,"type":"binary-expr","locations":[{"start":{"line":7,"column":13},"end":{"line":7,"column":38}},{"start":{"line":7,"column":46},"end":{"line":7,"column":60}}]}}}}